TN:
SF:src\AuthContext.tsx
FNF:0
FNH:0
DA:3,0
LF:1
LH:0
BRF:0
BRH:0
end_of_record
TN:
SF:src\components\Forms\Button\index.tsx
FN:13,Button
FNF:1
FNH:1
FNDA:4,Button
DA:14,4
LF:1
LH:1
BRF:0
BRH:0
end_of_record
TN:
SF:src\components\Forms\CategorySelectButton\index.tsx
FN:14,CategorySelectButton
FNF:1
FNH:1
FNDA:2,CategorySelectButton
DA:15,2
LF:1
LH:1
BRF:0
BRH:0
end_of_record
TN:
SF:src\components\Forms\Input\index.tsx
FN:11,Input
FNF:1
FNH:1
FNDA:5,Input
DA:12,5
LF:1
LH:1
BRDA:11,0,0,4
BRF:1
BRH:1
end_of_record
TN:
SF:src\components\Forms\InputForm\index.tsx
FN:18,InputForm
FN:28,(anonymous_1)
FNF:2
FNH:2
FNDA:4,InputForm
FNDA:4,(anonymous_1)
DA:24,4
DA:29,4
LF:2
LH:2
BRDA:36,0,0,4
BRDA:36,0,1,0
BRF:2
BRH:1
end_of_record
TN:
SF:src\components\Forms\TransactionTypeButton\index.tsx
FN:22,TransactionTypeButton
FNF:1
FNH:1
FNDA:4,TransactionTypeButton
DA:11,1
DA:25,4
LF:2
LH:2
BRF:0
BRH:0
end_of_record
TN:
SF:src\components\HighlightCard\index.tsx
FN:25,HighlightCard
FNF:1
FNH:0
FNDA:0,HighlightCard
DA:19,0
DA:27,0
LF:2
LH:0
BRF:0
BRH:0
end_of_record
TN:
SF:src\components\HistoryCard\index.tsx
FN:14,HistoryCard
FNF:1
FNH:0
FNDA:0,HistoryCard
DA:15,0
LF:1
LH:0
BRF:0
BRH:0
end_of_record
TN:
SF:src\components\SignInSocialButton\index.tsx
FN:15,SignInSocialButton
FNF:1
FNH:0
FNDA:0,SignInSocialButton
DA:16,0
LF:1
LH:0
BRF:0
BRH:0
end_of_record
TN:
SF:src\components\TransactionCard\index.tsx
FN:29,TransactionCard
FN:33,(anonymous_1)
FNF:2
FNH:0
FNDA:0,TransactionCard
FNDA:0,(anonymous_1)
DA:32,0
DA:33,0
DA:35,0
LF:3
LH:0
BRDA:42,0,0,0
BRDA:42,0,1,0
BRF:2
BRH:0
end_of_record
TN:
SF:src\hooks\auth.tsx
FN:45,AuthProvider
FN:52,signInWithGoogle
FN:86,signInWithApple
FN:115,signOut
FN:120,(anonymous_4)
FN:121,loadUserStorageData
FN:146,useAuth
FN:153,userEffect
FNF:8
FNH:5
FNDA:8,AuthProvider
FNDA:3,signInWithGoogle
FNDA:0,signInWithApple
FNDA:0,signOut
FNDA:3,(anonymous_4)
FNDA:3,loadUserStorageData
FNDA:9,useAuth
FNDA:0,userEffect
DA:13,2
DA:14,2
DA:16,2
DA:17,2
DA:43,2
DA:46,8
DA:47,8
DA:48,8
DA:50,8
DA:53,3
DA:54,3
DA:55,3
DA:57,3
DA:58,3
DA:60,3
DA:63,2
DA:64,1
DA:65,1
DA:67,1
DA:74,1
DA:75,1
DA:76,1
DA:77,1
DA:80,1
DA:82,3
DA:87,0
DA:88,0
DA:95,0
DA:96,0
DA:97,0
DA:98,0
DA:99,0
DA:106,0
DA:107,0
DA:111,0
DA:116,0
DA:117,0
DA:120,8
DA:122,3
DA:124,3
DA:125,0
DA:126,0
DA:128,3
DA:130,3
DA:133,8
DA:147,9
DA:148,9
DA:154,0
LF:48
LH:33
BRDA:63,0,0,1
BRDA:63,0,1,1
BRDA:95,1,0,0
BRDA:95,1,1,0
BRDA:124,2,0,0
BRDA:124,2,1,3
BRF:6
BRH:3
end_of_record
TN:
SF:src\routes\app.routes.tsx
FN:13,AppRoutes
FN:31,(anonymous_1)
FN:44,(anonymous_2)
FN:57,(anonymous_3)
FNF:4
FNH:0
FNDA:0,AppRoutes
FNDA:0,(anonymous_1)
FNDA:0,(anonymous_2)
FNDA:0,(anonymous_3)
DA:7,0
DA:14,0
DA:15,0
DA:32,0
DA:45,0
DA:58,0
LF:6
LH:0
BRDA:23,0,0,0
BRDA:23,0,1,0
BRF:2
BRH:0
end_of_record
TN:
SF:src\routes\auth.routes.tsx
FN:8,AuthRoutes
FNF:1
FNH:0
FNDA:0,AuthRoutes
DA:6,0
DA:9,0
LF:2
LH:0
BRF:0
BRH:0
end_of_record
TN:
SF:src\routes\index.tsx
FN:8,Routes
FNF:1
FNH:0
FNDA:0,Routes
DA:9,0
DA:11,0
DA:13,0
LF:3
LH:0
BRDA:15,0,0,0
BRDA:15,0,1,0
BRF:2
BRH:0
end_of_record
TN:
SF:src\screens\CategorySelect\index.tsx
FN:28,CategorySelect
FN:33,handleCategorySelect
FN:46,(anonymous_2)
FN:47,(anonymous_3)
FN:49,(anonymous_4)
FN:56,(anonymous_5)
FNF:6
FNH:4
FNDA:2,CategorySelect
FNDA:0,handleCategorySelect
FNDA:12,(anonymous_2)
FNDA:12,(anonymous_3)
FNDA:0,(anonymous_4)
FNDA:10,(anonymous_5)
DA:34,0
DA:37,2
DA:46,12
DA:48,12
DA:49,0
DA:56,10
LF:6
LH:4
BRF:0
BRH:0
end_of_record
TN:
SF:src\screens\Dashboard\index.tsx
FN:43,Dashboard
FN:51,getLastTransactionDate
FN:56,(anonymous_2)
FN:63,(anonymous_3)
FN:71,loadTransactions
FN:80,(anonymous_5)
FN:142,(anonymous_6)
FN:148,(anonymous_7)
FN:206,(anonymous_8)
FN:207,(anonymous_9)
FNF:10
FNH:0
FNDA:0,Dashboard
FNDA:0,getLastTransactionDate
FNDA:0,(anonymous_2)
FNDA:0,(anonymous_3)
FNDA:0,loadTransactions
FNDA:0,(anonymous_5)
FNDA:0,(anonymous_6)
FNDA:0,(anonymous_7)
FNDA:0,(anonymous_8)
FNDA:0,(anonymous_9)
DA:44,0
DA:45,0
DA:46,0
DA:48,0
DA:49,0
DA:55,0
DA:56,0
DA:58,0
DA:59,0
DA:61,0
DA:63,0
DA:66,0
DA:72,0
DA:73,0
DA:74,0
DA:76,0
DA:77,0
DA:79,0
DA:82,0
DA:83,0
DA:85,0
DA:88,0
DA:94,0
DA:100,0
DA:110,0
DA:111,0
DA:112,0
DA:113,0
DA:115,0
DA:116,0
DA:139,0
DA:142,0
DA:143,0
DA:147,0
DA:149,0
DA:152,0
DA:206,0
DA:208,0
LF:38
LH:0
BRDA:58,0,0,0
BRDA:58,0,1,0
BRDA:74,1,0,0
BRDA:74,1,1,0
BRDA:82,2,0,0
BRDA:82,2,1,0
BRDA:113,3,0,0
BRDA:113,3,1,0
BRDA:122,4,0,0
BRDA:122,4,1,0
BRDA:129,5,0,0
BRDA:129,5,1,0
BRDA:156,6,0,0
BRDA:156,6,1,0
BRF:14
BRH:0
end_of_record
TN:
SF:src\screens\Profile\index.tsx
FN:11,Profile
FN:30,(anonymous_1)
FNF:2
FNH:1
FNDA:3,Profile
FNDA:0,(anonymous_1)
DA:12,3
LF:1
LH:1
BRF:0
BRH:0
end_of_record
TN:
SF:src\screens\Register\index.tsx
FN:48,Register
FN:73,handleTransactionTypeSelect
FN:77,handleOpenSelectCategoryModal
FN:78,(anonymous_3)
FN:83,handleCloseSelectCategoryModal
FN:87,handleRegister
FN:173,(anonymous_6)
FN:180,(anonymous_7)
FNF:8
FNH:3
FNDA:2,Register
FNDA:0,handleTransactionTypeSelect
FNDA:1,handleOpenSelectCategoryModal
FNDA:1,(anonymous_3)
FNDA:0,handleCloseSelectCategoryModal
FNDA:0,handleRegister
FNDA:0,(anonymous_6)
FNDA:0,(anonymous_7)
DA:37,1
DA:50,2
DA:52,2
DA:53,2
DA:55,2
DA:69,2
DA:74,0
DA:78,1
DA:79,1
DA:84,0
DA:88,0
DA:89,0
DA:91,0
DA:92,0
DA:94,0
DA:102,0
DA:103,0
DA:104,0
DA:105,0
DA:107,0
DA:112,0
DA:113,0
DA:115,0
DA:116,0
DA:117,0
DA:125,0
DA:126,0
DA:139,2
DA:173,0
DA:180,0
LF:30
LH:9
BRDA:88,0,0,0
BRDA:88,0,1,0
BRDA:91,1,0,0
BRDA:91,1,1,0
BRDA:105,2,0,0
BRDA:105,2,1,0
BRDA:157,3,0,2
BRDA:157,3,1,0
BRDA:167,4,0,2
BRDA:167,4,1,0
BRF:10
BRH:2
end_of_record
TN:
SF:src\screens\Resume\index.tsx
FN:45,Resume
FN:53,handleDateChange
FN:67,loadData
FN:74,(anonymous_3)
FN:81,(anonymous_4)
FN:89,(anonymous_5)
FN:92,(anonymous_6)
FN:122,(anonymous_7)
FN:150,(anonymous_8)
FN:155,(anonymous_9)
FN:171,(anonymous_10)
FN:177,(anonymous_11)
FNF:12
FNH:0
FNDA:0,Resume
FNDA:0,handleDateChange
FNDA:0,loadData
FNDA:0,(anonymous_3)
FNDA:0,(anonymous_4)
FNDA:0,(anonymous_5)
FNDA:0,(anonymous_6)
FNDA:0,(anonymous_7)
FNDA:0,(anonymous_8)
FNDA:0,(anonymous_9)
FNDA:0,(anonymous_10)
FNDA:0,(anonymous_11)
DA:46,0
DA:48,0
DA:49,0
DA:50,0
DA:51,0
DA:54,0
DA:55,0
DA:56,0
DA:58,0
DA:60,0
DA:61,0
DA:63,0
DA:68,0
DA:69,0
DA:70,0
DA:71,0
DA:73,0
DA:75,0
DA:80,0
DA:82,0
DA:85,0
DA:87,0
DA:89,0
DA:90,0
DA:92,0
DA:93,0
DA:94,0
DA:97,0
DA:98,0
DA:103,0
DA:105,0
DA:116,0
DA:117,0
DA:121,0
DA:123,0
DA:127,0
DA:150,0
DA:155,0
DA:171,0
DA:178,0
LF:40
LH:0
BRDA:54,0,0,0
BRDA:54,0,1,0
BRDA:71,1,0,0
BRDA:71,1,1,0
BRDA:75,2,0,0
BRDA:75,2,1,0
BRDA:75,2,2,0
BRDA:93,3,0,0
BRDA:93,3,1,0
BRDA:97,4,0,0
BRDA:97,4,1,0
BRDA:134,5,0,0
BRDA:134,5,1,0
BRF:13
BRH:0
end_of_record
TN:
SF:src\screens\SignIn\index.tsx
FN:23,SignIn
FN:29,handleSignInWithGoogle
FN:40,handleSignInWithApple
FNF:3
FNH:0
FNDA:0,SignIn
FNDA:0,handleSignInWithGoogle
FNDA:0,handleSignInWithApple
DA:24,0
DA:25,0
DA:27,0
DA:30,0
DA:31,0
DA:32,0
DA:34,0
DA:35,0
DA:36,0
DA:41,0
DA:42,0
DA:43,0
DA:45,0
DA:46,0
DA:47,0
DA:51,0
LF:16
LH:0
BRDA:81,0,0,0
BRDA:81,0,1,0
BRDA:88,1,0,0
BRDA:88,1,1,0
BRF:4
BRH:0
end_of_record
